'cardano-node' 'run' '--config' 'private-testnet/configuration.yaml' '--topology' 'private-testnet/node-bft1/topology.json' '--database-path' 'private-testnet/node-bft1/db' '--socket-path' 'private-testnet/node-bft1/node.sock' '--shelley-kes-key' 'private-testnet/node-bft1/shelley/kes.skey' '--shelley-vrf-key' 'private-testnet/node-bft1/shelley/vrf.skey' '--shelley-operational-certificate' 'private-testnet/node-bft1/shelley/node.cert' '--port' '3001' '--delegation-certificate' 'private-testnet/node-bft1/byron/delegate.cert' '--signing-key' 'private-testnet/node-bft1/byron/delegate.key' +RTS '-T' '-I0' '-A16m' '-N2' '--disable-delayed-os-memory-return' '-N' '--disable-delayed-os-memory-return' '-I0.3' '-Iw600' '-A64m' '-H2500M' '-t' '--machine-readable' '-Sghc-rts-1635992694-node-bft1.log' 
    Alloc    Copied     Live     GC     GC      TOT      TOT  Page Flts
    bytes     bytes     bytes   user   elap     user     elap
    14512     11448     11432  0.044  0.861    3.677    1.657   76  315  (Gen:  1)
869956464    603888    840648  0.003  0.003    4.620  144.178    3  760  (Gen:  1)
     1312                      0.000  0.000

     869,972,288 bytes allocated in the heap
         615,336 bytes copied during GC
         840,648 bytes maximum residency (2 sample(s))
         207,928 bytes maximum slop
            1992 MiB total memory in use (0 MB lost due to fragmentation)

                                     Tot time (elapsed)  Avg pause  Max pause
  Gen  0         0 colls,     0 par    0.000s   0.000s     0.0000s    0.0000s
  Gen  1         2 colls,     1 par    0.047s   0.864s     0.4320s    0.8612s

  Parallel GC work balance: 13.35% (serial 0%, perfect 100%)

  TASKS: 39 (1 bound, 38 peak workers (38 total), using -N16)

  SPARKS: 0 (0 converted, 0 overflowed, 0 dud, 0 GC'd, 0 fizzled)

  INIT    time    3.683s  (  1.659s elapsed)
  MUT     time    0.891s  (141.656s elapsed)
  GC      time    0.047s  (  0.864s elapsed)
  EXIT    time    0.001s  (  0.010s elapsed)
  Total   time    4.621s  (144.189s elapsed)

  Alloc rate    976,944,814 bytes per MUT second

  Productivity  19.3% of total user, 98.2% of total elapsed

