'cardano-node' 'run' '--config' 'private-testnet/configuration.yaml' '--topology' 'private-testnet/node-bft1/topology.json' '--database-path' 'private-testnet/node-bft1/db' '--socket-path' 'private-testnet/node-bft1/node.sock' '--shelley-kes-key' 'private-testnet/node-bft1/shelley/kes.skey' '--shelley-vrf-key' 'private-testnet/node-bft1/shelley/vrf.skey' '--shelley-operational-certificate' 'private-testnet/node-bft1/shelley/node.cert' '--port' '3001' '--delegation-certificate' 'private-testnet/node-bft1/byron/delegate.cert' '--signing-key' 'private-testnet/node-bft1/byron/delegate.key' +RTS '-T' '-I0' '-A16m' '-N2' '--disable-delayed-os-memory-return' '-N8' '--disable-delayed-os-memory-return' '-I0.3' '-Iw600' '-A16m' '-F1.5' '-H2500M' '-T' '-Sghc-rts-1635991719-node-bft1.log' 
    Alloc    Copied     Live     GC     GC      TOT      TOT  Page Flts
    bytes     bytes     bytes   user   elap     user     elap
 24852136    454304   1282392  0.074  0.555    2.197    1.123 1754  118  (Gen:  1)
118528608     68600    206808  0.013  0.000    2.444  187.712    0   32  (Gen:  1)
     1352                      0.000  0.000

     143,382,096 bytes allocated in the heap
         522,904 bytes copied during GC
       1,282,392 bytes maximum residency (2 sample(s))
         167,592 bytes maximum slop
            1962 MiB total memory in use (0 MB lost due to fragmentation)

                                     Tot time (elapsed)  Avg pause  Max pause
  Gen  0         0 colls,     0 par    0.000s   0.000s     0.0000s    0.0000s
  Gen  1         2 colls,     1 par    0.087s   0.555s     0.2775s    0.5547s

  Parallel GC work balance: 86.17% (serial 0%, perfect 100%)

  TASKS: 25 (1 bound, 24 peak workers (24 total), using -N8)

  SPARKS: 0 (0 converted, 0 overflowed, 0 dud, 0 GC'd, 0 fizzled)

  INIT    time    0.001s  (  0.031s elapsed)
  MUT     time    2.369s  (187.126s elapsed)
  GC      time    0.087s  (  0.555s elapsed)
  EXIT    time   -0.012s  (  0.011s elapsed)
  Total   time    2.445s  (187.722s elapsed)

  Alloc rate    60,523,060 bytes per MUT second

  Productivity  96.9% of total user, 99.7% of total elapsed

