'cardano-node' 'run' '--config' 'private-testnet/configuration.yaml' '--topology' 'private-testnet/node-bft2/topology.json' '--database-path' 'private-testnet/node-bft2/db' '--socket-path' 'private-testnet/node-bft2/node.sock' '--shelley-kes-key' 'private-testnet/node-bft2/shelley/kes.skey' '--shelley-vrf-key' 'private-testnet/node-bft2/shelley/vrf.skey' '--shelley-operational-certificate' 'private-testnet/node-bft2/shelley/node.cert' '--port' '3002' '--delegation-certificate' 'private-testnet/node-bft2/byron/delegate.cert' '--signing-key' 'private-testnet/node-bft2/byron/delegate.key' +RTS '-T' '-I0' '-A16m' '-N2' '--disable-delayed-os-memory-return' '-N' '--disable-delayed-os-memory-return' '-I0.3' '-Iw600' '-A16m' '-F1.5' '-H2500M' '-t' '--machine-readable' '-Sghc-rts-node-bft2.log' 
    Alloc    Copied     Live     GC     GC      TOT      TOT  Page Flts
    bytes     bytes     bytes   user   elap     user     elap
 19708568    374424    749312  0.024  0.497    2.217    0.943    0    0  (Gen:  1)
162920768     16544    309392  0.001  0.000    2.582  336.173    0    0  (Gen:  1)
     1256                      0.000  0.000

     182,630,592 bytes allocated in the heap
         390,968 bytes copied during GC
         749,312 bytes maximum residency (2 sample(s))
         254,208 bytes maximum slop
            1962 MiB total memory in use (0 MB lost due to fragmentation)

                                     Tot time (elapsed)  Avg pause  Max pause
  Gen  0         0 colls,     0 par    0.000s   0.000s     0.0000s    0.0000s
  Gen  1         2 colls,     1 par    0.025s   0.497s     0.2486s    0.4969s

  Parallel GC work balance: 76.35% (serial 0%, perfect 100%)

  TASKS: 44 (1 bound, 43 peak workers (43 total), using -N16)

  SPARKS: 0 (0 converted, 0 overflowed, 0 dud, 0 GC'd, 0 fizzled)

  INIT    time    0.002s  (  0.056s elapsed)
  MUT     time    2.556s  (335.619s elapsed)
  GC      time    0.025s  (  0.497s elapsed)
  EXIT    time    0.000s  (  0.005s elapsed)
  Total   time    2.583s  (336.177s elapsed)

  Alloc rate    71,447,217 bytes per MUT second

  Productivity  99.0% of total user, 99.8% of total elapsed

