'cardano-node' 'run' '--config' 'private-testnet/configuration.yaml' '--topology' 'private-testnet/node-bft2/topology.json' '--database-path' 'private-testnet/node-bft2/db' '--socket-path' 'private-testnet/node-bft2/node.sock' '--shelley-kes-key' 'private-testnet/node-bft2/shelley/kes.skey' '--shelley-vrf-key' 'private-testnet/node-bft2/shelley/vrf.skey' '--shelley-operational-certificate' 'private-testnet/node-bft2/shelley/node.cert' '--port' '3002' '--delegation-certificate' 'private-testnet/node-bft2/byron/delegate.cert' '--signing-key' 'private-testnet/node-bft2/byron/delegate.key' +RTS '-T' '-I0' '-A16m' '-N2' '--disable-delayed-os-memory-return' '-N' '--disable-delayed-os-memory-return' '-I0.3' '-Iw600' '-A64m' '-H2500M' '-t' '--machine-readable' '-Sghc-rts-1635992694-node-bft2.log' 
    Alloc    Copied     Live     GC     GC      TOT      TOT  Page Flts
    bytes     bytes     bytes   user   elap     user     elap
   117632     70544     89584  0.008  0.629    2.406    1.495    0  326  (Gen:  1)
867557408      4288    855512  0.004  0.003    3.340  144.179    1 1565  (Gen:  1)
     1512                      0.000  0.000

     867,676,552 bytes allocated in the heap
          74,832 bytes copied during GC
         855,512 bytes maximum residency (2 sample(s))
         217,640 bytes maximum slop
            1991 MiB total memory in use (0 MB lost due to fragmentation)

                                     Tot time (elapsed)  Avg pause  Max pause
  Gen  0         0 colls,     0 par    0.000s   0.000s     0.0000s    0.0000s
  Gen  1         2 colls,     1 par    0.012s   0.632s     0.3159s    0.6290s

  Parallel GC work balance: 30.18% (serial 0%, perfect 100%)

  TASKS: 40 (1 bound, 39 peak workers (39 total), using -N16)

  SPARKS: 0 (0 converted, 0 overflowed, 0 dud, 0 GC'd, 0 fizzled)

  INIT    time    2.408s  (  1.497s elapsed)
  MUT     time    0.920s  (142.050s elapsed)
  GC      time    0.012s  (  0.632s elapsed)
  EXIT    time   -0.001s  (  0.010s elapsed)
  Total   time    3.340s  (144.189s elapsed)

  Alloc rate    942,744,465 bytes per MUT second

  Productivity  27.6% of total user, 98.5% of total elapsed

