'cardano-node' 'run' '--config' 'private-testnet/configuration.yaml' '--topology' 'private-testnet/node-pool1/topology.json' '--database-path' 'private-testnet/node-pool1/db' '--socket-path' 'private-testnet/node-pool1/node.sock' '--shelley-kes-key' 'private-testnet/node-pool1/shelley/kes.skey' '--shelley-vrf-key' 'private-testnet/node-pool1/shelley/vrf.skey' '--shelley-operational-certificate' 'private-testnet/node-pool1/shelley/node.cert' '--port' '3003' +RTS '-T' '-I0' '-A16m' '-N2' '--disable-delayed-os-memory-return' '-N' '--disable-delayed-os-memory-return' '-I0.3' '-Iw600' '-A64m' '-H2500M' '-t' '--machine-readable' '-Sghc-rts-1635992694-node-pool1.log' 
    Alloc    Copied     Live     GC     GC      TOT      TOT  Page Flts
    bytes     bytes     bytes   user   elap     user     elap
    16248     11600     11584  0.006  0.841    3.564    1.649    6  236  (Gen:  1)
868571344      1928    804200  0.004  0.003    4.501  144.178    2  625  (Gen:  1)
     1512                      0.000  0.000

     868,589,104 bytes allocated in the heap
          13,528 bytes copied during GC
         804,200 bytes maximum residency (2 sample(s))
         207,512 bytes maximum slop
            1992 MiB total memory in use (0 MB lost due to fragmentation)

                                     Tot time (elapsed)  Avg pause  Max pause
  Gen  0         0 colls,     0 par    0.000s   0.000s     0.0000s    0.0000s
  Gen  1         2 colls,     1 par    0.011s   0.844s     0.4219s    0.8410s

  Parallel GC work balance: 6.69% (serial 0%, perfect 100%)

  TASKS: 40 (1 bound, 39 peak workers (39 total), using -N16)

  SPARKS: 0 (0 converted, 0 overflowed, 0 dud, 0 GC'd, 0 fizzled)

  INIT    time    3.566s  (  1.651s elapsed)
  MUT     time    0.926s  (141.683s elapsed)
  GC      time    0.011s  (  0.844s elapsed)
  EXIT    time   -0.001s  (  0.010s elapsed)
  Total   time    4.502s  (144.189s elapsed)

  Alloc rate    938,090,341 bytes per MUT second

  Productivity  20.6% of total user, 98.3% of total elapsed

